---------------------------------------------------
M.U.G.E.N ver 1.1.0 Beta 1 P1 (2013.08.11) status log
---------------------------------------------------
Parsing command line...
Command line: C:\Users\Michael\Games\Capcom-vs-SNK-Evolution-Rev-2\CVSEVOREV2.exe ffs_0 ffs_0
Parse command line OK
Initializing...
Allocating game variables
Reading configuration file...Setting language "en".
OK
Initializing timer...performance timer enabled...frequency 10000000...OK
Initializing keyboard...configuring...OK
Initializing input engine...OK
Initializing sound...OK
Initializing BGM...  OK
Initializing graphics...gameCoord 1920x1080...render mode 2_20...trying 1920x1080x32 mode 0x0...success...OK
Setting callbacks...OK
Initializing font...OK
Initializing game variables...OK
Session RNG seed is 1765735733
Loading system fonts...OK
Loading options...
Reinitializing input engine...OK
Remapping keys...OK
Reinitializing input engine...OK
Options loaded OK
Loading system...
  Load system file system.def...OK
  Load system spr...OK
  Load system snd...OK
  Load system fonts...OK
  Load system anim...OK
  Load [Title Info]...OK
  Load [Option Info]...OK
  Load [Select Info]...OK
  Load [VS Screen]...OK
  Load [Victory Screen]...OK
  Load [Demo Mode]...OK
  Load [Continue Screen]...OK
  Load [Game Over Screen]...OK
  Load [Win Screen]...OK
  Load [Survival Results Screen]...OK
  Load [Default Ending]...OK
  Load [End Credits]...OK
  Load TitleBG...VersusBG...VictoryBG...SelectBG...OptionBG...OK
  Loading fight data
    Opening fight data file data/add004/res/fight_720p.def...OK
    Reading [Files]...OK
    Loading fonts...OK
    Load fight anim...OK
    Reading [Lifebar]...[Turns Lifebar]...[Simul Lifebar]...[Powerbar]...
    [Face]...[Simul Face]...[Turns Face]...
    [Name]...[Simul Name]...[Turns Name]...
    [Time]...[Combo]...[Round]...[WinIcon]...OK
    Allocating explods...OK
  Fight data loaded OK
Lua initing
Lua init complete
System loaded OK
Initialize OK
Set up graphics...timer...OK
Playing quick VS.

Entering gameflow loop
Gameflow 0
Gameflow 1
Gameflow 2
Initializing character info...OK
Gameflow 3
Gameflow 6
Reset persist vars team 0
Reset persist vars team 1
Gameflow 8
Gameflow 9
Gameflow 10
Gameflow 11
Loading match assets...
Loading stage...
  Loading BG...OK
Stage loaded OK
  Allocating helpers...OK
Match RNG seed: 643946639
Reset persist vars team 0
Reset persist vars team 1
Loading character chars/ffs_0/ffs_0.def...
  Loading info...OK
  Loading cmd command set Command.cmd...OK
  Loading cns Constants.cns...OK
  Loading cns States/Normal.st...OK
  Loading cns States/Special.st...OK
  Loading cns States/Super.st...OK
  Loading cns States/Helpers.st...OK
  Loading cns Palette Configuration/Chun-Li.txt...OK
  Loading cmd state entry Command.cmd...OK
  Loading common states common1.cns...OK
  Loading sff Sprite.sff...OK
  Loading anim Anim.air...OK
  Loading snd Sound.snd...OK
  Loading pals...OK
  27547 expressions (7765 on trigger lines)
Character ffs_0.def loaded OK
New char Chun-Li loaded into cache: (1/4 cached) Load time: 390.000ms
Player Chun-Li cache count increased: 2
Resetting round
Match assets initialized OK
Game loop init
Match loop init
Forcing players to stand state...
Forcing players to stand state...
Forcing players to stand state...
Forcing players to stand state...
End of match loop
Total time: 62.70s
Total frames: 3758 	Skipped frames: 0
Avg game rate: 59.94
Avg frame rate: 59.94

Finishing match
Freeing players
Save persist vars P56 Chun-Li
Player Chun-Li cache count reduced: 1
Save persist vars P57 Chun-Li
Player Chun-Li cache count reduced: 0
Match RNG closed
Game loop deinit
Returned from gameflow loop
Deinitializing...
Frames      : 3758
Time elapsed: 63.620 sec
ticks: 6362, tps: 100, start 547, end 6909

Unloading match assets
Freeing players
Unloading stage...OK
Clearing player cache...Freeing player RC Chun-Li...CMD...CNS...SFF...AIR...SND...Misc...OK
OK
Freeing character info...OK
Freeing fight data...OK
Freeing system data...OK
Freeing game variables...Unloading match assets
Freeing players
OK
Deinitializing input...pad...keyboard...OK
Removing callbacks...OK
Deintializing timer...OK
Deinitializing graphics...OK
Deinitializing BGM...OK
Deinitializing sound...OK
Successful program termination.

Log file successfully closed.
